<?xml version="1.0" encoding="UTF-8"?>
<!-- Generated by org.testng.reporters.JUnitReportReporter -->
<testsuite hostname="Vikrams-MacBook-Pro.local" failures="0" tests="1" name="com.orange.qa.testcases.HomePageTest" time="27.094" errors="0" timestamp="2023-07-27T14:42:26 IST" skipped="0">
  <testcase classname="com.orange.qa.testcases.HomePageTest" name="validateHomePageHeaderTest" time="27.094"/>
  <system-out/>
</testsuite> <!-- com.orange.qa.testcases.HomePageTest -->
