<?xml version="1.0" encoding="UTF-8"?>
<!-- Generated by org.testng.reporters.JUnitReportReporter -->
<testsuite hostname="Vikrams-MacBook-Pro.local" failures="0" tests="3" name="com.orange.qa.testcases.LoginPageTest" time="52.594" errors="0" timestamp="2023-07-27T12:17:37 IST" skipped="0">
  <testcase classname="com.orange.qa.testcases.LoginPageTest" name="validateLoginPageTitleTest" time="19.145"/>
  <system-out/>
  <testcase classname="com.orange.qa.testcases.LoginPageTest" name="validateLoginPageHeaderTest" time="18.354"/>
  <system-out/>
  <testcase classname="com.orange.qa.testcases.LoginPageTest" name="validateLoginTest" time="15.095"/>
  <system-out/>
</testsuite> <!-- com.orange.qa.testcases.LoginPageTest -->
